malloc(0x589)
malloc(0x489)
malloc(0xf)
malloc(0x4b)
malloc(0x18)
malloc(0x640)
malloc(0x17)
malloc(0x498)
malloc(0x17)
malloc(0x11)
malloc(0x492)
malloc(0x11)
malloc(0x11)
malloc(0x492)
malloc(0x11)
malloc(0x38)
malloc(0x28)
malloc(0x28)
malloc(0x58)
malloc(0x78)
malloc(0x48)
malloc(0x198)
malloc(0x90)
malloc(0x1e0)
malloc(0x90)
malloc(0x410)
malloc(0x110)
malloc(0x110)
  returns 0xd2f010
malloc(0x4)
malloc(0x4)
malloc(0x4)
malloc(0x4)
  returns 0x7fc5bc0008c0
malloc(0x4)
  returns 0x7fc5c00008c0
  returns 0x7fc5b80008c0
  returns 0x7fc5c40008c0
  returns 0x7fc5b40008c0
malloc(0x4)
  returns 0x7fc5ac0008c0
malloc(0x4)
malloc(0x4)
  returns 0x7fc5a80008c0
  returns 0x7fc5a40008c0
malloc(0x4)
malloc(0x4)
malloc(0x4)
malloc(0x4)
  returns 0x7fc59c0008c0
malloc(0x4)
  returns 0x7fc5940008c0
  returns 0x7fc5980008c0
  returns 0x7fc58c0008c0
malloc(0x4)
  returns 0x7fc5840008c0
malloc(0x4)
  returns 0x7fc5880008c0
malloc(0x4)
  returns 0x7fc57c0008c0
  returns 0x7fc5800008c0
malloc(0x4)
malloc(0x4)
  returns 0x7fc5740008c0
  returns 0x7fc56c0008c0
malloc(0x4)
  returns 0x7fc5700008c0
malloc(0x4)
  returns 0x7fc5640008c0
malloc(0x4)
  returns 0x7fc55c0008c0
malloc(0x4)
  returns 0x7fc5540008c0
malloc(0x4)
  returns 0x7fc5580008c0
malloc(0x4)
  returns 0x7fc54c0008c0
malloc(0x4)
malloc(0x4)
  returns 0x7fc5480008c0
malloc(0x4)
  returns 0x7fc5400008c0
malloc(0x4)
  returns 0x7fc5440008c0
  returns 0x7fc53c0008c0
malloc(0x4)
malloc(0x4)
  returns 0x7fc5340008c0
malloc(0x4)
  returns 0x7fc52c0008c0
  returns 0x7fc5240008c0
malloc(0x4)
  returns 0x7fc5280008c0
malloc(0x15)
  returns 0x7fc5ac0008e0
malloc(0x15)
  returns 0x7fc5ac000da0
malloc(0x38)
  returns 0x7fc5ac000dc0
free(0)
free(0)
free(0)
free(0)
free(0)
free(0)
free(0)
free(0)
free(0)
free(0)
free(0)
free(0)
free(0)
free(0)
free(0)
free(0)
free(0)
free(0)
free(0)
free(0)
free(0)
free(0)
free(0)
free(0)
free(0)
free(0)
free(0)
free(0)
free(0)
free(0)
free(0)
free(0)
free(0)
free(0)
free(0)
free(0)
free(0)
free(0)
free(0)
free(0)
free(0xd2f010)
free(0)
free(0)
free(0)
free(0)
free(0)
free(0)
free(0)
free(0)
free(0)
free(0)
free(0)
free(0)
free(0)
free(0)
free(0xd2f130)
free(0)
free(0)
free(0)
free(0)
free(0)
free(0)
free(0)
free(0)
free(0)
free(0)
free(0)
free(0)
free(0)
free(0)
free(0xd2f250)
free(0)
free(0)
free(0)
free(0)
free(0)
free(0)
free(0)
free(0)
free(0)
free(0)
free(0)
free(0)
free(0)
free(0)
free(0xd2f370)
free(0)
free(0)
free(0)
free(0)
free(0)
free(0)
free(0)
free(0)
free(0)
free(0)
free(0)
free(0)
free(0)
free(0)
free(0xd2f490)
free(0)
free(0)
free(0)
free(0)
free(0)
free(0)
free(0)
free(0)
free(0)
free(0)
free(0)
free(0)
free(0)
free(0)
free(0xd2f5b0)
free(0)
free(0)
free(0)
free(0)
free(0)
free(0)
free(0)
free(0)
free(0)
free(0)
free(0)
free(0)
free(0)
free(0)
free(0xd2f6d0)
free(0)
free(0)
free(0)
free(0)
free(0)
free(0)
free(0)
free(0)
free(0)
free(0)
free(0)
free(0)
free(0)
free(0)
free(0)
free(0)
free(0)
free(0)
free(0)
free(0)
free(0xd2f7f0)
free(0)
free(0)
free(0)
free(0)
free(0)
free(0)
free(0)
free(0)
free(0)
free(0)
free(0)
free(0)
free(0)
free(0)
free(0xd2f910)
free(0)
free(0)
free(0)
free(0)
free(0)
free(0)
free(0)
free(0)
free(0)
free(0)
free(0)
free(0)
free(0)
free(0)
free(0xd2fa30)
free(0)
free(0)
free(0)
free(0)
free(0)
free(0)
free(0)
free(0)
free(0)
free(0)
free(0)
free(0)
free(0)
free(0)
free(0xd2fb50)
free(0)
free(0)
free(0)
free(0)
free(0)
free(0)
free(0)
free(0)
free(0)
free(0)
free(0)
free(0)
free(0)
free(0)
free(0xd2fc70)
free(0)
free(0)
free(0)
free(0)
free(0)
free(0)
free(0)
free(0)
free(0)
free(0)
free(0)
free(0)
free(0)
free(0)
free(0xd2fd90)
free(0)
free(0)
free(0)
free(0)
free(0)
free(0)
free(0)
free(0)
free(0)
free(0)
free(0)
free(0)
free(0)
free(0)
free(0xd2feb0)
free(0)
free(0)
free(0)
free(0)
free(0)
free(0)
free(0)
free(0)
free(0)
free(0)
free(0)
free(0)
free(0)
free(0)
free(0xd2ffd0)
free(0)
free(0)
free(0)
free(0)
free(0)
free(0)
free(0)
free(0)
free(0)
free(0)
free(0)
free(0)
free(0)
free(0)
free(0xd300f0)
free(0)
free(0)
free(0)
free(0)
free(0)
free(0)
free(0)
free(0)
free(0)
free(0)
free(0)
free(0)
free(0)
free(0)
free(0xd30210)
free(0)
free(0)
free(0)
free(0)
free(0)
free(0)
free(0)
free(0)
free(0)
free(0)
free(0)
free(0)
free(0)
free(0)
free(0xd30330)
free(0)
free(0)
free(0)
free(0)
free(0)
free(0)
free(0)
free(0)
free(0)
free(0)
free(0)
free(0)
free(0)
free(0)
free(0xd30450)
free(0)
free(0)
free(0)
free(0)
free(0)
free(0)
free(0)
free(0)
free(0)
free(0)
free(0)
free(0)
free(0)
free(0)
free(0xd30570)
free(0)
free(0)
free(0)
free(0)
free(0)
free(0)
free(0)
free(0)
free(0)
free(0)
free(0)
free(0)
free(0)
free(0)
free(0xd30690)
free(0)
free(0)
free(0)
free(0)
free(0)
free(0)
free(0)
free(0)
free(0)
free(0)
free(0)
free(0)
free(0)
free(0)
free(0xd307b0)
free(0)
free(0)
free(0)
free(0)
free(0)
free(0)
free(0)
free(0)
free(0)
free(0)
free(0)
free(0)
free(0)
free(0)
free(0xd308d0)
free(0)
free(0)
free(0)
free(0)
free(0)
free(0)
free(0)
free(0)
free(0)
free(0)
free(0)
free(0)
free(0)
free(0)
free(0xd309f0)
free(0)
free(0)
free(0)
free(0)
free(0)
free(0)
free(0)
free(0)
free(0)
free(0)
free(0)
free(0)
free(0)
free(0)
free(0xd30b10)
free(0)
free(0)
free(0)
free(0)
free(0)
free(0)
free(0)
free(0)
free(0)
free(0)
free(0)
free(0)
free(0)
free(0)
free(0xd30c30)
free(0)
free(0)
free(0)
free(0)
free(0)
free(0)
free(0)
free(0)
free(0)
free(0)
free(0)
free(0)
free(0)
free(0)
free(0xd30d50)
free(0)
free(0)
free(0)
free(0)
free(0)
free(0)
free(0)
free(0)
free(0)
free(0)
free(0)
free(0)
free(0)
free(0)
free(0xd30e70)
free(0)
free(0)
free(0)
free(0)
free(0)
free(0)
free(0)
free(0)
free(0)
free(0)
free(0)
free(0)
free(0)
free(0)
free(0xd30f90)
free(0)
free(0)
